{
  "0 debug pnpm:scope": {
    "selected": 1,
    "workspacePrefix": "/Users/zhangxuyang/mine/javascript/awesome-lowcode/x-lowcode"
  },
  "1 debug pnpm:package-manifest": {
    "initial": {
      "name": "demo",
      "version": "1.0.0",
      "description": "",
      "main": "index.js",
      "scripts": {
        "test": "echo \"Error: no test specified\" && exit 1"
      },
      "keywords": [],
      "author": "",
      "license": "ISC"
    },
    "prefix": "/Users/zhangxuyang/mine/javascript/awesome-lowcode/x-lowcode/projects/x-compiler/demo"
  },
  "2 debug pnpm:context": {
    "currentLockfileExists": true,
    "storeDir": "/Users/zhangxuyang/Library/pnpm/store/v3",
    "virtualStoreDir": "/Users/zhangxuyang/mine/javascript/awesome-lowcode/x-lowcode/node_modules/.pnpm"
  },
  "3 debug pnpm:stage": {
    "prefix": "/Users/zhangxuyang/mine/javascript/awesome-lowcode/x-lowcode",
    "stage": "resolution_started"
  },
  "4 error pnpm": {
    "code": "ERR_PNPM_FETCH_404",
    "hint": "webpack.config.mjs is not in the npm registry, or you have no permission to fetch it.\n\nNo authorization header was set for the request.",
    "request": {
      "url": "https://registry.npmjs.org/webpack.config.mjs"
    },
    "response": {
      "size": 0
    },
    "pkgName": "webpack.config.mjs",
    "spec": {
      "fetchSpec": "latest",
      "name": "webpack.config.mjs",
      "type": "tag"
    },
    "pkgsStack": [],
    "err": {
      "name": "pnpm",
      "message": "GET https://registry.npmjs.org/webpack.config.mjs: Not Found - 404",
      "code": "ERR_PNPM_FETCH_404",
      "stack": "pnpm: GET https://registry.npmjs.org/webpack.config.mjs: Not Found - 404\n    at RetryOperation._fn (/Users/zhangxuyang/.nvm/versions/node/v16.9.1/lib/node_modules/pnpm/dist/pnpm.cjs:84419:19)\n    at processTicksAndRejections (node:internal/process/task_queues:96:5)"
    }
  }
}